[2022-10-31 19:48:15] laravel.EMERGENCY: Unable to create configured logger. Using emergency logger. {"exception":"[object] (InvalidArgumentException(code: 0): Log [] is not defined. at E:\\Projects\\e-commerce-admin\\vendor\\laravel\\framework\\src\\Illuminate\\Log\\LogManager.php:200)
[stacktrace]
#0 E:\\Projects\\e-commerce-admin\\vendor\\laravel\\framework\\src\\Illuminate\\Log\\LogManager.php(125): Illuminate\\Log\\LogManager->resolve(NULL, NULL)
#1 E:\\Projects\\e-commerce-admin\\vendor\\laravel\\framework\\src\\Illuminate\\Log\\LogManager.php(112): Illuminate\\Log\\LogManager->get(NULL)
#2 E:\\Projects\\e-commerce-admin\\vendor\\laravel\\framework\\src\\Illuminate\\Log\\LogManager.php(590): Illuminate\\Log\\LogManager->driver()
#3 E:\\Projects\\e-commerce-admin\\vendor\\laravel\\framework\\src\\Illuminate\\Foundation\\Exceptions\\Handler.php(252): Illuminate\\Log\\LogManager->error('Directory name ...', Array)
#4 E:\\Projects\\e-commerce-admin\\vendor\\laravel\\framework\\src\\Illuminate\\Foundation\\Http\\Kernel.php(415): Illuminate\\Foundation\\Exceptions\\Handler->report(Object(RuntimeException))
#5 E:\\Projects\\e-commerce-admin\\vendor\\laravel\\framework\\src\\Illuminate\\Foundation\\Http\\Kernel.php(113): Illuminate\\Foundation\\Http\\Kernel->reportException(Object(RuntimeException))
#6 E:\\Projects\\e-commerce-admin\\public\\index.php(52): Illuminate\\Foundation\\Http\\Kernel->handle(Object(Illuminate\\Http\\Request))
#7 E:\\Projects\\e-commerce-admin\\server.php(21): require_once('E:\\\\Projects\\\\e-c...')
#8 {main}
"} 
[2022-10-31 19:48:15] laravel.ERROR: Directory name must not be empty. {"exception":"[object] (RuntimeException(code: 0): Directory name must not be empty. at E:\\Projects\\e-commerce-admin\\vendor\\symfony\\finder\\Iterator\\RecursiveDirectoryIterator.php:48)
[stacktrace]
#0 E:\\Projects\\e-commerce-admin\\vendor\\symfony\\finder\\Iterator\\RecursiveDirectoryIterator.php(48): RecursiveDirectoryIterator->__construct('', 4096)
#1 E:\\Projects\\e-commerce-admin\\vendor\\symfony\\finder\\Finder.php(740): Symfony\\Component\\Finder\\Iterator\\RecursiveDirectoryIterator->__construct('', 4096, false)
#2 E:\\Projects\\e-commerce-admin\\vendor\\symfony\\finder\\Finder.php(618): Symfony\\Component\\Finder\\Finder->searchInDirectory('')
#3 E:\\Projects\\e-commerce-admin\\vendor\\laravel\\framework\\src\\Illuminate\\Foundation\\Bootstrap\\LoadConfiguration.php(88): Symfony\\Component\\Finder\\Finder->getIterator()
#4 E:\\Projects\\e-commerce-admin\\vendor\\laravel\\framework\\src\\Illuminate\\Foundation\\Bootstrap\\LoadConfiguration.php(65): Illuminate\\Foundation\\Bootstrap\\LoadConfiguration->getConfigurationFiles(Object(Illuminate\\Foundation\\Application))
#5 E:\\Projects\\e-commerce-admin\\vendor\\laravel\\framework\\src\\Illuminate\\Foundation\\Bootstrap\\LoadConfiguration.php(39): Illuminate\\Foundation\\Bootstrap\\LoadConfiguration->loadConfigurationFiles(Object(Illuminate\\Foundation\\Application), Object(Illuminate\\Config\\Repository))
#6 E:\\Projects\\e-commerce-admin\\vendor\\laravel\\framework\\src\\Illuminate\\Foundation\\Application.php(237): Illuminate\\Foundation\\Bootstrap\\LoadConfiguration->bootstrap(Object(Illuminate\\Foundation\\Application))
#7 E:\\Projects\\e-commerce-admin\\vendor\\laravel\\framework\\src\\Illuminate\\Foundation\\Http\\Kernel.php(153): Illuminate\\Foundation\\Application->bootstrapWith(Array)
#8 E:\\Projects\\e-commerce-admin\\vendor\\laravel\\framework\\src\\Illuminate\\Foundation\\Http\\Kernel.php(137): Illuminate\\Foundation\\Http\\Kernel->bootstrap()
#9 E:\\Projects\\e-commerce-admin\\vendor\\laravel\\framework\\src\\Illuminate\\Foundation\\Http\\Kernel.php(111): Illuminate\\Foundation\\Http\\Kernel->sendRequestThroughRouter(Object(Illuminate\\Http\\Request))
#10 E:\\Projects\\e-commerce-admin\\public\\index.php(52): Illuminate\\Foundation\\Http\\Kernel->handle(Object(Illuminate\\Http\\Request))
#11 E:\\Projects\\e-commerce-admin\\server.php(21): require_once('E:\\\\Projects\\\\e-c...')
#12 {main}
"} 
